# JRE version: Java(TM) SE Runtime Environment (8.0_92-b14) (build 1.8.0_92-b14)
# Java VM: Java HotSpot(TM) 64-Bit Server VM (25.92-b14 mixed mode bsd-amd64 compressed oops)
Heap:
 PSYoungGen      total 38400K, used 665K [0x0000000795580000, 0x0000000798000000, 0x00000007c0000000)
  eden space 33280K, 2% used [0x0000000795580000,0x00000007956266b0,0x0000000797600000)
  from space 5120K, 0% used [0x0000000797b00000,0x0000000797b00000,0x0000000798000000)
  to   space 5120K, 0% used [0x0000000797600000,0x0000000797600000,0x0000000797b00000)
 ParOldGen       total 87552K, used 4924K [0x0000000740000000, 0x0000000745580000, 0x0000000795580000)
  object space 87552K, 5% used [0x0000000740000000,0x00000007404cf378,0x0000000745580000)
 Metaspace       used 18140K, capacity 18590K, committed 18944K, reserved 1064960K
  class space    used 2318K, capacity 2438K, committed 2560K, reserved 1048576K
GC Heap History (10 events):
Event: 3.987 GC heap before
{Heap before GC invocations=7 (full 3):
 PSYoungGen      total 38400K, used 2649K [0x0000000795580000, 0x0000000798000000, 0x00000007c0000000)
  eden space 33280K, 0% used [0x0000000795580000,0x0000000795580000,0x0000000797600000)
  from space 5120K, 51% used [0x0000000797b00000,0x0000000797d96680,0x0000000798000000)
  to   space 5120K, 0% used [0x0000000797600000,0x0000000797600000,0x0000000797b00000)
 ParOldGen       total 87552K, used 3070K [0x0000000740000000, 0x0000000745580000, 0x0000000795580000)
  object space 87552K, 3% used [0x0000000740000000,0x00000007402ffbb8,0x0000000745580000)
 Metaspace       used 16667K, capacity 17112K, committed 17280K, reserved 1064960K
  class space    used 2228K, capacity 2353K, committed 2432K, reserved 1048576K
Event: 4.026 GC heap after
Heap after GC invocations=7 (full 3):
 PSYoungGen      total 38400K, used 0K [0x0000000795580000, 0x0000000798000000, 0x00000007c0000000)
  eden space 33280K, 0% used [0x0000000795580000,0x0000000795580000,0x0000000797600000)
  from space 5120K, 0% used [0x0000000797b00000,0x0000000797b00000,0x0000000798000000)
  to   space 5120K, 0% used [0x0000000797600000,0x0000000797600000,0x0000000797b00000)
 ParOldGen       total 87552K, used 4916K [0x0000000740000000, 0x0000000745580000, 0x0000000795580000)
  object space 87552K, 5% used [0x0000000740000000,0x00000007404cd2c8,0x0000000745580000)
 Metaspace       used 16667K, capacity 17112K, committed 17280K, reserved 1064960K
  class space    used 2228K, capacity 2353K, committed 2432K, reserved 1048576K
}
Event: 4.134 GC heap before
{Heap before GC invocations=8 (full 3):
 PSYoungGen      total 38400K, used 1661K [0x0000000795580000, 0x0000000798000000, 0x00000007c0000000)
  eden space 33280K, 4% used [0x0000000795580000,0x000000079571f530,0x0000000797600000)
  from space 5120K, 0% used [0x0000000797b00000,0x0000000797b00000,0x0000000798000000)
  to   space 5120K, 0% used [0x0000000797600000,0x0000000797600000,0x0000000797b00000)
 ParOldGen       total 87552K, used 4916K [0x0000000740000000, 0x0000000745580000, 0x0000000795580000)
  object space 87552K, 5% used [0x0000000740000000,0x00000007404cd2c8,0x0000000745580000)
 Metaspace       used 16815K, capacity 17340K, committed 17536K, reserved 1064960K
  class space    used 2245K, capacity 2399K, committed 2432K, reserved 1048576K
Event: 4.135 GC heap after
Heap after GC invocations=8 (full 3):
 PSYoungGen      total 38400K, used 160K [0x0000000795580000, 0x0000000798000000, 0x00000007c0000000)
  eden space 33280K, 0% used [0x0000000795580000,0x0000000795580000,0x0000000797600000)
  from space 5120K, 3% used [0x0000000797600000,0x0000000797628000,0x0000000797b00000)
  to   space 5120K, 0% used [0x0000000797b00000,0x0000000797b00000,0x0000000798000000)
 ParOldGen       total 87552K, used 4916K [0x0000000740000000, 0x0000000745580000, 0x0000000795580000)
  object space 87552K, 5% used [0x0000000740000000,0x00000007404cd2c8,0x0000000745580000)
 Metaspace       used 16815K, capacity 17340K, committed 17536K, reserved 1064960K
  class space    used 2245K, capacity 2399K, committed 2432K, reserved 1048576K
}
Event: 4.135 GC heap before
{Heap before GC invocations=9 (full 4):
 PSYoungGen      total 38400K, used 160K [0x0000000795580000, 0x0000000798000000, 0x00000007c0000000)
  eden space 33280K, 0% used [0x0000000795580000,0x0000000795580000,0x0000000797600000)
  from space 5120K, 3% used [0x0000000797600000,0x0000000797628000,0x0000000797b00000)
  to   space 5120K, 0% used [0x0000000797b00000,0x0000000797b00000,0x0000000798000000)
 ParOldGen       total 87552K, used 4916K [0x0000000740000000, 0x0000000745580000, 0x0000000795580000)
  object space 87552K, 5% used [0x0000000740000000,0x00000007404cd2c8,0x0000000745580000)
 Metaspace       used 16815K, capacity 17340K, committed 17536K, reserved 1064960K
  class space    used 2245K, capacity 2399K, committed 2432K, reserved 1048576K
Event: 4.175 GC heap after
Heap after GC invocations=9 (full 4):
 PSYoungGen      total 38400K, used 0K [0x0000000795580000, 0x0000000798000000, 0x00000007c0000000)
  eden space 33280K, 0% used [0x0000000795580000,0x0000000795580000,0x0000000797600000)
  from space 5120K, 0% used [0x0000000797600000,0x0000000797600000,0x0000000797b00000)
  to   space 5120K, 0% used [0x0000000797b00000,0x0000000797b00000,0x0000000798000000)
 ParOldGen       total 87552K, used 4936K [0x0000000740000000, 0x0000000745580000, 0x0000000795580000)
  object space 87552K, 5% used [0x0000000740000000,0x00000007404d2020,0x0000000745580000)
 Metaspace       used 16815K, capacity 17340K, committed 17536K, reserved 1064960K
  class space    used 2245K, capacity 2399K, committed 2432K, reserved 1048576K
}
Event: 3604.181 GC heap before
{Heap before GC invocations=10 (full 4):
 PSYoungGen      total 38400K, used 29003K [0x0000000795580000, 0x0000000798000000, 0x00000007c0000000)
  eden space 33280K, 87% used [0x0000000795580000,0x00000007971d2d98,0x0000000797600000)
  from space 5120K, 0% used [0x0000000797600000,0x0000000797600000,0x0000000797b00000)
  to   space 5120K, 0% used [0x0000000797b00000,0x0000000797b00000,0x0000000798000000)
 ParOldGen       total 87552K, used 4936K [0x0000000740000000, 0x0000000745580000, 0x0000000795580000)
  object space 87552K, 5% used [0x0000000740000000,0x00000007404d2020,0x0000000745580000)
 Metaspace       used 18264K, capacity 18788K, committed 18944K, reserved 1064960K
  class space    used 2339K, capacity 2475K, committed 2560K, reserved 1048576K
Event: 3604.208 GC heap after
Heap after GC invocations=10 (full 4):
 PSYoungGen      total 38400K, used 753K [0x0000000795580000, 0x0000000798000000, 0x00000007c0000000)
  eden space 33280K, 0% used [0x0000000795580000,0x0000000795580000,0x0000000797600000)
  from space 5120K, 14% used [0x0000000797b00000,0x0000000797bbc420,0x0000000798000000)
  to   space 5120K, 0% used [0x0000000797600000,0x0000000797600000,0x0000000797b00000)
 ParOldGen       total 87552K, used 4944K [0x0000000740000000, 0x0000000745580000, 0x0000000795580000)
  object space 87552K, 5% used [0x0000000740000000,0x00000007404d4020,0x0000000745580000)
 Metaspace       used 18264K, capacity 18788K, committed 18944K, reserved 1064960K
  class space    used 2339K, capacity 2475K, committed 2560K, reserved 1048576K
}
Event: 3604.208 GC heap before
{Heap before GC invocations=11 (full 5):
 PSYoungGen      total 38400K, used 753K [0x0000000795580000, 0x0000000798000000, 0x00000007c0000000)
  eden space 33280K, 0% used [0x0000000795580000,0x0000000795580000,0x0000000797600000)
  from space 5120K, 14% used [0x0000000797b00000,0x0000000797bbc420,0x0000000798000000)
  to   space 5120K, 0% used [0x0000000797600000,0x0000000797600000,0x0000000797b00000)
 ParOldGen       total 87552K, used 4944K [0x0000000740000000, 0x0000000745580000, 0x0000000795580000)
  object space 87552K, 5% used [0x0000000740000000,0x00000007404d4020,0x0000000745580000)
 Metaspace       used 18264K, capacity 18788K, committed 18944K, reserved 1064960K
  class space    used 2339K, capacity 2475K, committed 2560K, reserved 1048576K
Event: 3604.310 GC heap after
Heap after GC invocations=11 (full 5):
 PSYoungGen      total 38400K, used 0K [0x0000000795580000, 0x0000000798000000, 0x00000007c0000000)
  eden space 33280K, 0% used [0x0000000795580000,0x0000000795580000,0x0000000797600000)
  from space 5120K, 0% used [0x0000000797b00000,0x0000000797b00000,0x0000000798000000)
  to   space 5120K, 0% used [0x0000000797600000,0x0000000797600000,0x0000000797b00000)
 ParOldGen       total 87552K, used 4924K [0x0000000740000000, 0x0000000745580000, 0x0000000795580000)
  object space 87552K, 5% used [0x0000000740000000,0x00000007404cf378,0x0000000745580000)
 Metaspace       used 18140K, capacity 18590K, committed 18944K, reserved 1064960K
  class space    used 2318K, capacity 2438K, committed 2560K, reserved 1048576K
}

